<?xml version="1.0" encoding="UTF-8"?>
<coverage generated="1693838181936" clover="3.2.0">
  <project timestamp="1693838181936" name="All files">
    <metrics statements="93" coveredstatements="81" conditionals="57" coveredconditionals="37" methods="28" coveredmethods="24" elements="178" coveredelements="142" complexity="0" loc="93" ncloc="93" packages="3" files="9" classes="9"/>
    <package name="src">
      <metrics statements="4" coveredstatements="4" conditionals="0" coveredconditionals="0" methods="3" coveredmethods="1"/>
      <file name="App.js" path="/Users/abhishekjan/Desktop/Sendinblue/assignment/src/App.js">
        <metrics statements="1" coveredstatements="1" conditionals="0" coveredconditionals="0" methods="1" coveredmethods="1"/>
        <line num="7" count="1" type="stmt"/>
      </file>
      <file name="urls.js" path="/Users/abhishekjan/Desktop/Sendinblue/assignment/src/urls.js">
        <metrics statements="3" coveredstatements="3" conditionals="0" coveredconditionals="0" methods="2" coveredmethods="0"/>
        <line num="1" count="6" type="stmt"/>
        <line num="3" count="6" type="stmt"/>
        <line num="4" count="6" type="stmt"/>
      </file>
    </package>
    <package name="src.components">
      <metrics statements="62" coveredstatements="54" conditionals="50" coveredconditionals="32" methods="16" coveredmethods="16"/>
      <file name="CurrentWeatherComponent.jsx" path="/Users/abhishekjan/Desktop/Sendinblue/assignment/src/components/CurrentWeatherComponent.jsx">
        <metrics statements="17" coveredstatements="13" conditionals="17" coveredconditionals="13" methods="3" coveredmethods="3"/>
        <line num="8" count="3" type="stmt"/>
        <line num="9" count="3" type="stmt"/>
        <line num="10" count="3" type="stmt"/>
        <line num="11" count="3" type="cond" truecount="4" falsecount="1"/>
        <line num="12" count="3" type="cond" truecount="3" falsecount="0"/>
        <line num="14" count="3" type="stmt"/>
        <line num="15" count="3" type="stmt"/>
        <line num="16" count="2" type="stmt"/>
        <line num="17" count="2" type="stmt"/>
        <line num="18" count="0" type="stmt"/>
        <line num="19" count="0" type="cond" truecount="0" falsecount="2"/>
        <line num="20" count="0" type="stmt"/>
        <line num="23" count="2" type="stmt"/>
        <line num="25" count="2" type="stmt"/>
        <line num="28" count="3" type="cond" truecount="3" falsecount="0"/>
        <line num="31" count="3" type="cond" truecount="2" falsecount="0"/>
        <line num="44" count="0" type="stmt"/>
      </file>
      <file name="ForecastComponent.jsx" path="/Users/abhishekjan/Desktop/Sendinblue/assignment/src/components/ForecastComponent.jsx">
        <metrics statements="22" coveredstatements="18" conditionals="22" coveredconditionals="12" methods="5" coveredmethods="5"/>
        <line num="9" count="2" type="stmt"/>
        <line num="10" count="2" type="stmt"/>
        <line num="11" count="2" type="cond" truecount="1" falsecount="2"/>
        <line num="12" count="2" type="cond" truecount="4" falsecount="1"/>
        <line num="13" count="2" type="stmt"/>
        <line num="14" count="2" type="stmt"/>
        <line num="16" count="2" type="stmt"/>
        <line num="17" count="2" type="stmt"/>
        <line num="18" count="1" type="stmt"/>
        <line num="19" count="1" type="stmt"/>
        <line num="20" count="0" type="stmt"/>
        <line num="21" count="0" type="cond" truecount="0" falsecount="2"/>
        <line num="22" count="0" type="stmt"/>
        <line num="25" count="1" type="stmt"/>
        <line num="27" count="1" type="stmt"/>
        <line num="31" count="2" type="cond" truecount="3" falsecount="0"/>
        <line num="35" count="2" type="cond" truecount="2" falsecount="0"/>
        <line num="40" count="3" type="stmt"/>
        <line num="49" count="3" type="cond" truecount="1" falsecount="1"/>
        <line num="50" count="3" type="cond" truecount="1" falsecount="4"/>
        <line num="51" count="3" type="stmt"/>
        <line num="64" count="0" type="stmt"/>
      </file>
      <file name="Loader.jsx" path="/Users/abhishekjan/Desktop/Sendinblue/assignment/src/components/Loader.jsx">
        <metrics statements="1" coveredstatements="1" conditionals="0" coveredconditionals="0" methods="1" coveredmethods="1"/>
        <line num="6" count="1" type="stmt"/>
      </file>
      <file name="SelectCityComponent.jsx" path="/Users/abhishekjan/Desktop/Sendinblue/assignment/src/components/SelectCityComponent.jsx">
        <metrics statements="9" coveredstatements="9" conditionals="4" coveredconditionals="1" methods="4" coveredmethods="4"/>
        <line num="5" count="5" type="stmt"/>
        <line num="8" count="4" type="stmt"/>
        <line num="9" count="4" type="stmt"/>
        <line num="10" count="1" type="cond" truecount="0" falsecount="2"/>
        <line num="12" count="1" type="cond" truecount="1" falsecount="1"/>
        <line num="13" count="4822" type="stmt"/>
        <line num="14" count="1" type="stmt"/>
        <line num="17" count="4" type="stmt"/>
        <line num="25" count="19288" type="stmt"/>
      </file>
      <file name="WeatherApp.jsx" path="/Users/abhishekjan/Desktop/Sendinblue/assignment/src/components/WeatherApp.jsx">
        <metrics statements="3" coveredstatements="3" conditionals="4" coveredconditionals="4" methods="1" coveredmethods="1"/>
        <line num="13" count="2" type="stmt"/>
        <line num="15" count="2" type="cond" truecount="2" falsecount="0"/>
        <line num="16" count="2" type="stmt"/>
      </file>
      <file name="utils.js" path="/Users/abhishekjan/Desktop/Sendinblue/assignment/src/components/utils.js">
        <metrics statements="10" coveredstatements="10" conditionals="3" coveredconditionals="2" methods="2" coveredmethods="2"/>
        <line num="1" count="4" type="cond" truecount="0" falsecount="1"/>
        <line num="2" count="2" type="stmt"/>
        <line num="3" count="2" type="stmt"/>
        <line num="4" count="2" type="stmt"/>
        <line num="5" count="40" type="stmt"/>
        <line num="6" count="40" type="cond" truecount="2" falsecount="0"/>
        <line num="7" count="4" type="stmt"/>
        <line num="8" count="4" type="stmt"/>
        <line num="11" count="2" type="stmt"/>
        <line num="14" count="4" type="stmt"/>
      </file>
    </package>
    <package name="src.context">
      <metrics statements="27" coveredstatements="23" conditionals="7" coveredconditionals="5" methods="9" coveredmethods="7"/>
      <file name="cityContext.js" path="/Users/abhishekjan/Desktop/Sendinblue/assignment/src/context/cityContext.js">
        <metrics statements="27" coveredstatements="23" conditionals="7" coveredconditionals="5" methods="9" coveredmethods="7"/>
        <line num="2" count="3" type="stmt"/>
        <line num="4" count="3" type="stmt"/>
        <line num="5" count="3" type="stmt"/>
        <line num="7" count="3" type="stmt"/>
        <line num="15" count="3" type="stmt"/>
        <line num="16" count="3" type="stmt"/>
        <line num="17" count="3" type="stmt"/>
        <line num="18" count="3" type="stmt"/>
        <line num="19" count="3" type="stmt"/>
        <line num="21" count="3" type="cond" truecount="0" falsecount="1"/>
        <line num="22" count="5" type="cond" truecount="5" falsecount="1"/>
        <line num="24" count="1" type="stmt"/>
        <line num="30" count="1" type="stmt"/>
        <line num="36" count="1" type="stmt"/>
        <line num="42" count="1" type="stmt"/>
        <line num="48" count="1" type="stmt"/>
        <line num="54" count="0" type="stmt"/>
        <line num="59" count="3" type="stmt"/>
        <line num="60" count="1" type="stmt"/>
        <line num="64" count="1" type="stmt"/>
        <line num="68" count="1" type="stmt"/>
        <line num="72" count="1" type="stmt"/>
        <line num="76" count="1" type="stmt"/>
        <line num="82" count="0" type="stmt"/>
        <line num="83" count="0" type="stmt"/>
        <line num="93" count="0" type="stmt"/>
        <line num="97" count="1" type="stmt"/>
      </file>
    </package>
  </project>
</coverage>
