{"/Users/abhishekjan/Desktop/Sendinblue/assignment/src/App.js": {"path":"/Users/abhishekjan/Desktop/Sendinblue/assignment/src/App.js","statementMap":{"0":{"start":{"line":7,"column":4},"end":{"line":11,"column":6}}},"fnMap":{"0":{"name":"App","decl":{"start":{"line":6,"column":9},"end":{"line":6,"column":12}},"loc":{"start":{"line":6,"column":15},"end":{"line":12,"column":1}},"line":6}},"branchMap":{},"s":{"0":1},"f":{"0":1},"b":{},"_coverageSchema":"1a1c01bbd47fc00a2c39e90264f33305004495a9","hash":"160b225538006073a3bce98b5ee052f96b12b059"}
,"/Users/abhishekjan/Desktop/Sendinblue/assignment/src/urls.js": {"path":"/Users/abhishekjan/Desktop/Sendinblue/assignment/src/urls.js","statementMap":{"0":{"start":{"line":1,"column":14},"end":{"line":1,"column":48}},"1":{"start":{"line":3,"column":33},"end":{"line":3,"column":146}},"2":{"start":{"line":3,"column":46},"end":{"line":3,"column":146}},"3":{"start":{"line":4,"column":34},"end":{"line":4,"column":148}},"4":{"start":{"line":4,"column":47},"end":{"line":4,"column":148}}},"fnMap":{"0":{"name":"(anonymous_0)","decl":{"start":{"line":3,"column":33},"end":{"line":3,"column":34}},"loc":{"start":{"line":3,"column":46},"end":{"line":3,"column":146}},"line":3},"1":{"name":"(anonymous_1)","decl":{"start":{"line":4,"column":34},"end":{"line":4,"column":35}},"loc":{"start":{"line":4,"column":47},"end":{"line":4,"column":148}},"line":4}},"branchMap":{},"s":{"0":6,"1":6,"2":0,"3":6,"4":0},"f":{"0":0,"1":0},"b":{},"_coverageSchema":"1a1c01bbd47fc00a2c39e90264f33305004495a9","hash":"4d869e848ca3c64d57ae811a17c16a3f83d49763"}
,"/Users/abhishekjan/Desktop/Sendinblue/assignment/src/components/CurrentWeatherComponent.jsx": {"path":"/Users/abhishekjan/Desktop/Sendinblue/assignment/src/components/CurrentWeatherComponent.jsx","statementMap":{"0":{"start":{"line":8,"column":66},"end":{"line":8,"column":80}},"1":{"start":{"line":9,"column":19},"end":{"line":9,"column":36}},"2":{"start":{"line":10,"column":43},"end":{"line":10,"column":55}},"3":{"start":{"line":11,"column":69},"end":{"line":11,"column":87}},"4":{"start":{"line":12,"column":22},"end":{"line":12,"column":38}},"5":{"start":{"line":14,"column":2},"end":{"line":29,"column":35}},"6":{"start":{"line":15,"column":36},"end":{"line":27,"column":5}},"7":{"start":{"line":16,"column":8},"end":{"line":26,"column":9}},"8":{"start":{"line":17,"column":12},"end":{"line":17,"column":59}},"9":{"start":{"line":18,"column":29},"end":{"line":18,"column":73}},"10":{"start":{"line":19,"column":12},"end":{"line":21,"column":13}},"11":{"start":{"line":20,"column":16},"end":{"line":20,"column":60}},"12":{"start":{"line":23,"column":12},"end":{"line":23,"column":54}},"13":{"start":{"line":25,"column":10},"end":{"line":25,"column":58}},"14":{"start":{"line":28,"column":4},"end":{"line":28,"column":103}},"15":{"start":{"line":31,"column":2},"end":{"line":42,"column":4}},"16":{"start":{"line":44,"column":2},"end":{"line":44,"column":14}}},"fnMap":{"0":{"name":"CurrentWeatherComponent","decl":{"start":{"line":7,"column":9},"end":{"line":7,"column":32}},"loc":{"start":{"line":7,"column":35},"end":{"line":45,"column":1}},"line":7},"1":{"name":"(anonymous_1)","decl":{"start":{"line":14,"column":12},"end":{"line":14,"column":13}},"loc":{"start":{"line":14,"column":18},"end":{"line":29,"column":3}},"line":14},"2":{"name":"(anonymous_2)","decl":{"start":{"line":15,"column":36},"end":{"line":15,"column":37}},"loc":{"start":{"line":15,"column":48},"end":{"line":27,"column":5}},"line":15}},"branchMap":{"0":{"loc":{"start":{"line":11,"column":10},"end":{"line":11,"column":22}},"type":"default-arg","locations":[{"start":{"line":11,"column":20},"end":{"line":11,"column":22}}],"line":11},"1":{"loc":{"start":{"line":11,"column":30},"end":{"line":11,"column":43}},"type":"default-arg","locations":[{"start":{"line":11,"column":41},"end":{"line":11,"column":43}}],"line":11},"2":{"loc":{"start":{"line":11,"column":49},"end":{"line":11,"column":64}},"type":"default-arg","locations":[{"start":{"line":11,"column":62},"end":{"line":11,"column":64}}],"line":11},"3":{"loc":{"start":{"line":11,"column":69},"end":{"line":11,"column":87}},"type":"binary-expr","locations":[{"start":{"line":11,"column":69},"end":{"line":11,"column":81}},{"start":{"line":11,"column":85},"end":{"line":11,"column":87}}],"line":11},"4":{"loc":{"start":{"line":12,"column":10},"end":{"line":12,"column":17}},"type":"default-arg","locations":[{"start":{"line":12,"column":15},"end":{"line":12,"column":17}}],"line":12},"5":{"loc":{"start":{"line":12,"column":22},"end":{"line":12,"column":38}},"type":"binary-expr","locations":[{"start":{"line":12,"column":22},"end":{"line":12,"column":32}},{"start":{"line":12,"column":36},"end":{"line":12,"column":38}}],"line":12},"6":{"loc":{"start":{"line":19,"column":12},"end":{"line":21,"column":13}},"type":"if","locations":[{"start":{"line":19,"column":12},"end":{"line":21,"column":13}},{"start":{},"end":{}}],"line":19},"7":{"loc":{"start":{"line":28,"column":4},"end":{"line":28,"column":102}},"type":"binary-expr","locations":[{"start":{"line":28,"column":4},"end":{"line":28,"column":40}},{"start":{"line":28,"column":44},"end":{"line":28,"column":73}},{"start":{"line":28,"column":77},"end":{"line":28,"column":102}}],"line":28},"8":{"loc":{"start":{"line":31,"column":9},"end":{"line":42,"column":3}},"type":"binary-expr","locations":[{"start":{"line":31,"column":9},"end":{"line":31,"column":27}},{"start":{"line":32,"column":4},"end":{"line":41,"column":10}}],"line":31},"9":{"loc":{"start":{"line":34,"column":14},"end":{"line":34,"column":35}},"type":"binary-expr","locations":[{"start":{"line":34,"column":14},"end":{"line":34,"column":29}},{"start":{"line":34,"column":33},"end":{"line":34,"column":35}}],"line":34}},"s":{"0":3,"1":3,"2":3,"3":3,"4":3,"5":3,"6":3,"7":2,"8":2,"9":0,"10":0,"11":0,"12":2,"13":2,"14":3,"15":3,"16":0},"f":{"0":3,"1":3,"2":2},"b":{"0":[2],"1":[2],"2":[2],"3":[3,0],"4":[2],"5":[3,2],"6":[0,0],"7":[3,3,2],"8":[3,3],"9":[3,0]},"_coverageSchema":"1a1c01bbd47fc00a2c39e90264f33305004495a9","hash":"cafbb459ac6cac5022ae3a0e7972e8409879d920"}
,"/Users/abhishekjan/Desktop/Sendinblue/assignment/src/components/ForecastComponent.jsx": {"path":"/Users/abhishekjan/Desktop/Sendinblue/assignment/src/components/ForecastComponent.jsx","statementMap":{"0":{"start":{"line":9,"column":59},"end":{"line":9,"column":73}},"1":{"start":{"line":10,"column":19},"end":{"line":10,"column":36}},"2":{"start":{"line":11,"column":40},"end":{"line":11,"column":50}},"3":{"start":{"line":12,"column":64},"end":{"line":12,"column":86}},"4":{"start":{"line":13,"column":19},"end":{"line":13,"column":29}},"5":{"start":{"line":14,"column":19},"end":{"line":14,"column":51}},"6":{"start":{"line":16,"column":2},"end":{"line":33,"column":31}},"7":{"start":{"line":17,"column":34},"end":{"line":29,"column":5}},"8":{"start":{"line":18,"column":6},"end":{"line":28,"column":7}},"9":{"start":{"line":19,"column":8},"end":{"line":19,"column":55}},"10":{"start":{"line":20,"column":25},"end":{"line":20,"column":70}},"11":{"start":{"line":21,"column":8},"end":{"line":23,"column":7}},"12":{"start":{"line":22,"column":9},"end":{"line":22,"column":57}},"13":{"start":{"line":25,"column":8},"end":{"line":25,"column":54}},"14":{"start":{"line":27,"column":8},"end":{"line":27,"column":56}},"15":{"start":{"line":31,"column":4},"end":{"line":31,"column":89}},"16":{"start":{"line":35,"column":2},"end":{"line":62,"column":4}},"17":{"start":{"line":40,"column":12},"end":{"line":42,"column":18}},"18":{"start":{"line":49,"column":38},"end":{"line":49,"column":59}},"19":{"start":{"line":50,"column":67},"end":{"line":50,"column":77}},"20":{"start":{"line":51,"column":12},"end":{"line":57,"column":13}},"21":{"start":{"line":64,"column":2},"end":{"line":64,"column":14}}},"fnMap":{"0":{"name":"ForecastComponent","decl":{"start":{"line":8,"column":9},"end":{"line":8,"column":26}},"loc":{"start":{"line":8,"column":29},"end":{"line":65,"column":1}},"line":8},"1":{"name":"(anonymous_1)","decl":{"start":{"line":16,"column":12},"end":{"line":16,"column":13}},"loc":{"start":{"line":16,"column":18},"end":{"line":33,"column":3}},"line":16},"2":{"name":"(anonymous_2)","decl":{"start":{"line":17,"column":34},"end":{"line":17,"column":35}},"loc":{"start":{"line":17,"column":46},"end":{"line":29,"column":5}},"line":17},"3":{"name":"(anonymous_3)","decl":{"start":{"line":39,"column":23},"end":{"line":39,"column":24}},"loc":{"start":{"line":39,"column":31},"end":{"line":43,"column":11}},"line":39},"4":{"name":"(anonymous_4)","decl":{"start":{"line":48,"column":24},"end":{"line":48,"column":25}},"loc":{"start":{"line":48,"column":32},"end":{"line":58,"column":11}},"line":48}},"branchMap":{"0":{"loc":{"start":{"line":11,"column":25},"end":{"line":11,"column":36}},"type":"default-arg","locations":[{"start":{"line":11,"column":34},"end":{"line":11,"column":36}}],"line":11},"1":{"loc":{"start":{"line":11,"column":40},"end":{"line":11,"column":50}},"type":"binary-expr","locations":[{"start":{"line":11,"column":40},"end":{"line":11,"column":44}},{"start":{"line":11,"column":48},"end":{"line":11,"column":50}}],"line":11},"2":{"loc":{"start":{"line":12,"column":10},"end":{"line":12,"column":19}},"type":"default-arg","locations":[{"start":{"line":12,"column":17},"end":{"line":12,"column":19}}],"line":12},"3":{"loc":{"start":{"line":12,"column":27},"end":{"line":12,"column":59}},"type":"default-arg","locations":[{"start":{"line":12,"column":57},"end":{"line":12,"column":59}}],"line":12},"4":{"loc":{"start":{"line":12,"column":33},"end":{"line":12,"column":52}},"type":"default-arg","locations":[{"start":{"line":12,"column":50},"end":{"line":12,"column":52}}],"line":12},"5":{"loc":{"start":{"line":12,"column":64},"end":{"line":12,"column":86}},"type":"binary-expr","locations":[{"start":{"line":12,"column":64},"end":{"line":12,"column":80}},{"start":{"line":12,"column":84},"end":{"line":12,"column":86}}],"line":12},"6":{"loc":{"start":{"line":21,"column":8},"end":{"line":23,"column":7}},"type":"if","locations":[{"start":{"line":21,"column":8},"end":{"line":23,"column":7}},{"start":{},"end":{}}],"line":21},"7":{"loc":{"start":{"line":31,"column":4},"end":{"line":31,"column":88}},"type":"binary-expr","locations":[{"start":{"line":31,"column":4},"end":{"line":31,"column":32}},{"start":{"line":31,"column":36},"end":{"line":31,"column":61}},{"start":{"line":31,"column":65},"end":{"line":31,"column":88}}],"line":31},"8":{"loc":{"start":{"line":35,"column":9},"end":{"line":62,"column":3}},"type":"binary-expr","locations":[{"start":{"line":35,"column":9},"end":{"line":35,"column":31}},{"start":{"line":36,"column":4},"end":{"line":61,"column":10}}],"line":35},"9":{"loc":{"start":{"line":49,"column":38},"end":{"line":49,"column":59}},"type":"binary-expr","locations":[{"start":{"line":49,"column":38},"end":{"line":49,"column":53}},{"start":{"line":49,"column":57},"end":{"line":49,"column":59}}],"line":49},"10":{"loc":{"start":{"line":50,"column":26},"end":{"line":50,"column":62}},"type":"default-arg","locations":[{"start":{"line":50,"column":60},"end":{"line":50,"column":62}}],"line":50},"11":{"loc":{"start":{"line":50,"column":27},"end":{"line":50,"column":40}},"type":"default-arg","locations":[{"start":{"line":50,"column":38},"end":{"line":50,"column":40}}],"line":50},"12":{"loc":{"start":{"line":50,"column":42},"end":{"line":50,"column":55}},"type":"default-arg","locations":[{"start":{"line":50,"column":53},"end":{"line":50,"column":55}}],"line":50},"13":{"loc":{"start":{"line":50,"column":67},"end":{"line":50,"column":77}},"type":"binary-expr","locations":[{"start":{"line":50,"column":67},"end":{"line":50,"column":71}},{"start":{"line":50,"column":75},"end":{"line":50,"column":77}}],"line":50}},"s":{"0":2,"1":2,"2":2,"3":2,"4":2,"5":2,"6":2,"7":2,"8":1,"9":1,"10":0,"11":0,"12":0,"13":1,"14":1,"15":2,"16":2,"17":3,"18":3,"19":3,"20":3,"21":0},"f":{"0":2,"1":2,"2":1,"3":3,"4":3},"b":{"0":[0],"1":[2,0],"2":[1],"3":[1],"4":[1],"5":[2,0],"6":[0,0],"7":[2,2,1],"8":[2,2],"9":[3,0],"10":[0],"11":[0],"12":[0],"13":[3,0]},"_coverageSchema":"1a1c01bbd47fc00a2c39e90264f33305004495a9","hash":"28861e0c5112778b862606ad61bf8c2876471754"}
,"/Users/abhishekjan/Desktop/Sendinblue/assignment/src/components/Loader.jsx": {"path":"/Users/abhishekjan/Desktop/Sendinblue/assignment/src/components/Loader.jsx","statementMap":{"0":{"start":{"line":6,"column":2},"end":{"line":11,"column":3}}},"fnMap":{"0":{"name":"Loader","decl":{"start":{"line":5,"column":9},"end":{"line":5,"column":15}},"loc":{"start":{"line":5,"column":29},"end":{"line":12,"column":1}},"line":5}},"branchMap":{},"s":{"0":1},"f":{"0":1},"b":{},"_coverageSchema":"1a1c01bbd47fc00a2c39e90264f33305004495a9","hash":"3bab17815c58e483b3b42fbb5bd4808a84ab1744"}
,"/Users/abhishekjan/Desktop/Sendinblue/assignment/src/components/SelectCityComponent.jsx": {"path":"/Users/abhishekjan/Desktop/Sendinblue/assignment/src/components/SelectCityComponent.jsx","statementMap":{"0":{"start":{"line":5,"column":15},"end":{"line":5,"column":54}},"1":{"start":{"line":8,"column":21},"end":{"line":8,"column":38}},"2":{"start":{"line":9,"column":29},"end":{"line":16,"column":5}},"3":{"start":{"line":10,"column":50},"end":{"line":10,"column":51}},"4":{"start":{"line":12,"column":8},"end":{"line":15,"column":9}},"5":{"start":{"line":13,"column":28},"end":{"line":13,"column":67}},"6":{"start":{"line":13,"column":50},"end":{"line":13,"column":66}},"7":{"start":{"line":14,"column":11},"end":{"line":14,"column":50}},"8":{"start":{"line":17,"column":4},"end":{"line":34,"column":6}},"9":{"start":{"line":25,"column":24},"end":{"line":29,"column":26}}},"fnMap":{"0":{"name":"SelectCityComponent","decl":{"start":{"line":7,"column":9},"end":{"line":7,"column":28}},"loc":{"start":{"line":7,"column":31},"end":{"line":35,"column":1}},"line":7},"1":{"name":"(anonymous_1)","decl":{"start":{"line":9,"column":29},"end":{"line":9,"column":30}},"loc":{"start":{"line":9,"column":36},"end":{"line":16,"column":5}},"line":9},"2":{"name":"(anonymous_2)","decl":{"start":{"line":13,"column":40},"end":{"line":13,"column":41}},"loc":{"start":{"line":13,"column":50},"end":{"line":13,"column":66}},"line":13},"3":{"name":"(anonymous_3)","decl":{"start":{"line":24,"column":32},"end":{"line":24,"column":33}},"loc":{"start":{"line":24,"column":42},"end":{"line":30,"column":21}},"line":24}},"branchMap":{"0":{"loc":{"start":{"line":10,"column":24},"end":{"line":10,"column":45}},"type":"default-arg","locations":[{"start":{"line":10,"column":43},"end":{"line":10,"column":45}}],"line":10},"1":{"loc":{"start":{"line":10,"column":26},"end":{"line":10,"column":38}},"type":"default-arg","locations":[{"start":{"line":10,"column":34},"end":{"line":10,"column":38}}],"line":10},"2":{"loc":{"start":{"line":12,"column":8},"end":{"line":15,"column":9}},"type":"if","locations":[{"start":{"line":12,"column":8},"end":{"line":15,"column":9}},{"start":{},"end":{}}],"line":12}},"s":{"0":5,"1":4,"2":4,"3":1,"4":1,"5":1,"6":4822,"7":1,"8":4,"9":19288},"f":{"0":4,"1":1,"2":4822,"3":19288},"b":{"0":[0],"1":[0],"2":[1,0]},"_coverageSchema":"1a1c01bbd47fc00a2c39e90264f33305004495a9","hash":"bc96775a40bb3a5ec13b470f41be3d872667e7da"}
,"/Users/abhishekjan/Desktop/Sendinblue/assignment/src/components/WeatherApp.jsx": {"path":"/Users/abhishekjan/Desktop/Sendinblue/assignment/src/components/WeatherApp.jsx","statementMap":{"0":{"start":{"line":13,"column":8},"end":{"line":13,"column":22}},"1":{"start":{"line":15,"column":22},"end":{"line":15,"column":64}},"2":{"start":{"line":16,"column":4},"end":{"line":32,"column":6}}},"fnMap":{"0":{"name":"WeatherApp","decl":{"start":{"line":9,"column":9},"end":{"line":9,"column":19}},"loc":{"start":{"line":9,"column":22},"end":{"line":33,"column":1}},"line":9}},"branchMap":{"0":{"loc":{"start":{"line":15,"column":22},"end":{"line":15,"column":64}},"type":"binary-expr","locations":[{"start":{"line":15,"column":22},"end":{"line":15,"column":39}},{"start":{"line":15,"column":43},"end":{"line":15,"column":64}}],"line":15},"1":{"loc":{"start":{"line":21,"column":21},"end":{"line":28,"column":21}},"type":"cond-expr","locations":[{"start":{"line":22,"column":24},"end":{"line":22,"column":61}},{"start":{"line":24,"column":24},"end":{"line":27,"column":27}}],"line":21}},"s":{"0":2,"1":2,"2":2},"f":{"0":2},"b":{"0":[2,1],"1":[1,1]},"_coverageSchema":"1a1c01bbd47fc00a2c39e90264f33305004495a9","hash":"160849f03e3c9df40e8c98703291ecdf50001ae9"}
,"/Users/abhishekjan/Desktop/Sendinblue/assignment/src/components/utils.js": {"path":"/Users/abhishekjan/Desktop/Sendinblue/assignment/src/components/utils.js","statementMap":{"0":{"start":{"line":1,"column":32},"end":{"line":12,"column":1}},"1":{"start":{"line":2,"column":21},"end":{"line":2,"column":23}},"2":{"start":{"line":3,"column":19},"end":{"line":3,"column":23}},"3":{"start":{"line":4,"column":4},"end":{"line":10,"column":7}},"4":{"start":{"line":5,"column":25},"end":{"line":5,"column":46}},"5":{"start":{"line":6,"column":8},"end":{"line":9,"column":9}},"6":{"start":{"line":7,"column":12},"end":{"line":7,"column":32}},"7":{"start":{"line":8,"column":12},"end":{"line":8,"column":51}},"8":{"start":{"line":11,"column":4},"end":{"line":11,"column":31}},"9":{"start":{"line":14,"column":24},"end":{"line":14,"column":73}}},"fnMap":{"0":{"name":"(anonymous_0)","decl":{"start":{"line":1,"column":32},"end":{"line":1,"column":33}},"loc":{"start":{"line":1,"column":53},"end":{"line":12,"column":1}},"line":1},"1":{"name":"(anonymous_1)","decl":{"start":{"line":4,"column":17},"end":{"line":4,"column":18}},"loc":{"start":{"line":4,"column":25},"end":{"line":10,"column":5}},"line":4}},"branchMap":{"0":{"loc":{"start":{"line":1,"column":39},"end":{"line":1,"column":48}},"type":"default-arg","locations":[{"start":{"line":1,"column":46},"end":{"line":1,"column":48}}],"line":1},"1":{"loc":{"start":{"line":6,"column":8},"end":{"line":9,"column":9}},"type":"if","locations":[{"start":{"line":6,"column":8},"end":{"line":9,"column":9}},{"start":{},"end":{}}],"line":6}},"s":{"0":4,"1":2,"2":2,"3":2,"4":40,"5":40,"6":4,"7":4,"8":2,"9":4},"f":{"0":2,"1":40},"b":{"0":[0],"1":[4,36]},"_coverageSchema":"1a1c01bbd47fc00a2c39e90264f33305004495a9","hash":"906645cfcf98b827185d218c7a50555a982f7b28"}
,"/Users/abhishekjan/Desktop/Sendinblue/assignment/src/context/cityContext.js": {"path":"/Users/abhishekjan/Desktop/Sendinblue/assignment/src/context/cityContext.js","statementMap":{"0":{"start":{"line":2,"column":15},"end":{"line":2,"column":54}},"1":{"start":{"line":4,"column":25},"end":{"line":4,"column":40}},"2":{"start":{"line":5,"column":28},"end":{"line":5,"column":43}},"3":{"start":{"line":7,"column":22},"end":{"line":13,"column":1}},"4":{"start":{"line":15,"column":17},"end":{"line":15,"column":27}},"5":{"start":{"line":16,"column":27},"end":{"line":16,"column":47}},"6":{"start":{"line":17,"column":31},"end":{"line":17,"column":55}},"7":{"start":{"line":18,"column":30},"end":{"line":18,"column":53}},"8":{"start":{"line":19,"column":34},"end":{"line":19,"column":61}},"9":{"start":{"line":21,"column":27},"end":{"line":57,"column":1}},"10":{"start":{"line":22,"column":4},"end":{"line":56,"column":5}},"11":{"start":{"line":24,"column":12},"end":{"line":27,"column":14}},"12":{"start":{"line":30,"column":12},"end":{"line":33,"column":14}},"13":{"start":{"line":36,"column":12},"end":{"line":39,"column":14}},"14":{"start":{"line":42,"column":12},"end":{"line":45,"column":14}},"15":{"start":{"line":48,"column":12},"end":{"line":51,"column":14}},"16":{"start":{"line":54,"column":12},"end":{"line":54,"column":25}},"17":{"start":{"line":59,"column":27},"end":{"line":80,"column":1}},"18":{"start":{"line":60,"column":24},"end":{"line":63,"column":5}},"19":{"start":{"line":64,"column":36},"end":{"line":67,"column":5}},"20":{"start":{"line":68,"column":40},"end":{"line":71,"column":5}},"21":{"start":{"line":72,"column":38},"end":{"line":75,"column":5}},"22":{"start":{"line":76,"column":38},"end":{"line":79,"column":5}},"23":{"start":{"line":82,"column":30},"end":{"line":82,"column":68}},"24":{"start":{"line":83,"column":4},"end":{"line":89,"column":6}},"25":{"start":{"line":93,"column":4},"end":{"line":93,"column":40}},"26":{"start":{"line":97,"column":4},"end":{"line":97,"column":43}}},"fnMap":{"0":{"name":"(anonymous_0)","decl":{"start":{"line":21,"column":27},"end":{"line":21,"column":28}},"loc":{"start":{"line":21,"column":62},"end":{"line":57,"column":1}},"line":21},"1":{"name":"(anonymous_1)","decl":{"start":{"line":60,"column":13},"end":{"line":60,"column":14}},"loc":{"start":{"line":60,"column":24},"end":{"line":63,"column":5}},"line":60},"2":{"name":"(anonymous_2)","decl":{"start":{"line":64,"column":21},"end":{"line":64,"column":22}},"loc":{"start":{"line":64,"column":36},"end":{"line":67,"column":5}},"line":64},"3":{"name":"(anonymous_3)","decl":{"start":{"line":68,"column":25},"end":{"line":68,"column":26}},"loc":{"start":{"line":68,"column":40},"end":{"line":71,"column":5}},"line":68},"4":{"name":"(anonymous_4)","decl":{"start":{"line":72,"column":24},"end":{"line":72,"column":25}},"loc":{"start":{"line":72,"column":38},"end":{"line":75,"column":5}},"line":72},"5":{"name":"(anonymous_5)","decl":{"start":{"line":76,"column":24},"end":{"line":76,"column":25}},"loc":{"start":{"line":76,"column":38},"end":{"line":79,"column":5}},"line":76},"6":{"name":"CityContextProvider","decl":{"start":{"line":81,"column":16},"end":{"line":81,"column":35}},"loc":{"start":{"line":81,"column":50},"end":{"line":90,"column":1}},"line":81},"7":{"name":"useCityState","decl":{"start":{"line":92,"column":16},"end":{"line":92,"column":28}},"loc":{"start":{"line":92,"column":31},"end":{"line":94,"column":1}},"line":92},"8":{"name":"useCityDispatch","decl":{"start":{"line":96,"column":16},"end":{"line":96,"column":31}},"loc":{"start":{"line":96,"column":34},"end":{"line":98,"column":1}},"line":96}},"branchMap":{"0":{"loc":{"start":{"line":21,"column":28},"end":{"line":21,"column":49}},"type":"default-arg","locations":[{"start":{"line":21,"column":36},"end":{"line":21,"column":49}}],"line":21},"1":{"loc":{"start":{"line":22,"column":4},"end":{"line":56,"column":5}},"type":"switch","locations":[{"start":{"line":23,"column":8},"end":{"line":28,"column":9}},{"start":{"line":29,"column":8},"end":{"line":34,"column":9}},{"start":{"line":35,"column":8},"end":{"line":40,"column":9}},{"start":{"line":41,"column":8},"end":{"line":46,"column":9}},{"start":{"line":47,"column":8},"end":{"line":52,"column":9}},{"start":{"line":53,"column":8},"end":{"line":55,"column":9}}],"line":22}},"s":{"0":3,"1":3,"2":3,"3":3,"4":3,"5":3,"6":3,"7":3,"8":3,"9":3,"10":5,"11":1,"12":1,"13":1,"14":1,"15":1,"16":0,"17":3,"18":1,"19":1,"20":1,"21":1,"22":1,"23":0,"24":0,"25":0,"26":1},"f":{"0":5,"1":1,"2":1,"3":1,"4":1,"5":1,"6":0,"7":0,"8":1},"b":{"0":[0],"1":[1,1,1,1,1,0]},"_coverageSchema":"1a1c01bbd47fc00a2c39e90264f33305004495a9","hash":"3e31a792d70e1eae6145f3c8470fd841bab7d7a0"}
}
