TN:
SF:src/App.js
FN:6,App
FNF:1
FNH:1
FNDA:1,App
DA:7,1
LF:1
LH:1
BRF:0
BRH:0
end_of_record
TN:
SF:src/urls.js
FN:3,(anonymous_0)
FN:4,(anonymous_1)
FNF:2
FNH:0
FNDA:0,(anonymous_0)
FNDA:0,(anonymous_1)
DA:1,6
DA:3,6
DA:4,6
LF:3
LH:3
BRF:0
BRH:0
end_of_record
TN:
SF:src/components/CurrentWeatherComponent.jsx
FN:7,CurrentWeatherComponent
FN:14,(anonymous_1)
FN:15,(anonymous_2)
FNF:3
FNH:3
FNDA:3,CurrentWeatherComponent
FNDA:3,(anonymous_1)
FNDA:2,(anonymous_2)
DA:8,3
DA:9,3
DA:10,3
DA:11,3
DA:12,3
DA:14,3
DA:15,3
DA:16,2
DA:17,2
DA:18,0
DA:19,0
DA:20,0
DA:23,2
DA:25,2
DA:28,3
DA:31,3
DA:44,0
LF:17
LH:13
BRDA:11,0,0,2
BRDA:11,1,0,2
BRDA:11,2,0,2
BRDA:11,3,0,3
BRDA:11,3,1,0
BRDA:12,4,0,2
BRDA:12,5,0,3
BRDA:12,5,1,2
BRDA:19,6,0,0
BRDA:19,6,1,0
BRDA:28,7,0,3
BRDA:28,7,1,3
BRDA:28,7,2,2
BRDA:31,8,0,3
BRDA:31,8,1,3
BRDA:34,9,0,3
BRDA:34,9,1,0
BRF:17
BRH:13
end_of_record
TN:
SF:src/components/ForecastComponent.jsx
FN:8,ForecastComponent
FN:16,(anonymous_1)
FN:17,(anonymous_2)
FN:39,(anonymous_3)
FN:48,(anonymous_4)
FNF:5
FNH:5
FNDA:2,ForecastComponent
FNDA:2,(anonymous_1)
FNDA:1,(anonymous_2)
FNDA:3,(anonymous_3)
FNDA:3,(anonymous_4)
DA:9,2
DA:10,2
DA:11,2
DA:12,2
DA:13,2
DA:14,2
DA:16,2
DA:17,2
DA:18,1
DA:19,1
DA:20,0
DA:21,0
DA:22,0
DA:25,1
DA:27,1
DA:31,2
DA:35,2
DA:40,3
DA:49,3
DA:50,3
DA:51,3
DA:64,0
LF:22
LH:18
BRDA:11,0,0,0
BRDA:11,1,0,2
BRDA:11,1,1,0
BRDA:12,2,0,1
BRDA:12,3,0,1
BRDA:12,4,0,1
BRDA:12,5,0,2
BRDA:12,5,1,0
BRDA:21,6,0,0
BRDA:21,6,1,0
BRDA:31,7,0,2
BRDA:31,7,1,2
BRDA:31,7,2,1
BRDA:35,8,0,2
BRDA:35,8,1,2
BRDA:49,9,0,3
BRDA:49,9,1,0
BRDA:50,10,0,0
BRDA:50,11,0,0
BRDA:50,12,0,0
BRDA:50,13,0,3
BRDA:50,13,1,0
BRF:22
BRH:12
end_of_record
TN:
SF:src/components/Loader.jsx
FN:5,Loader
FNF:1
FNH:1
FNDA:1,Loader
DA:6,1
LF:1
LH:1
BRF:0
BRH:0
end_of_record
TN:
SF:src/components/SelectCityComponent.jsx
FN:7,SelectCityComponent
FN:9,(anonymous_1)
FN:13,(anonymous_2)
FN:24,(anonymous_3)
FNF:4
FNH:4
FNDA:4,SelectCityComponent
FNDA:1,(anonymous_1)
FNDA:4822,(anonymous_2)
FNDA:19288,(anonymous_3)
DA:5,5
DA:8,4
DA:9,4
DA:10,1
DA:12,1
DA:13,4822
DA:14,1
DA:17,4
DA:25,19288
LF:9
LH:9
BRDA:10,0,0,0
BRDA:10,1,0,0
BRDA:12,2,0,1
BRDA:12,2,1,0
BRF:4
BRH:1
end_of_record
TN:
SF:src/components/WeatherApp.jsx
FN:9,WeatherApp
FNF:1
FNH:1
FNDA:2,WeatherApp
DA:13,2
DA:15,2
DA:16,2
LF:3
LH:3
BRDA:15,0,0,2
BRDA:15,0,1,1
BRDA:21,1,0,1
BRDA:21,1,1,1
BRF:4
BRH:4
end_of_record
TN:
SF:src/components/utils.js
FN:1,(anonymous_0)
FN:4,(anonymous_1)
FNF:2
FNH:2
FNDA:2,(anonymous_0)
FNDA:40,(anonymous_1)
DA:1,4
DA:2,2
DA:3,2
DA:4,2
DA:5,40
DA:6,40
DA:7,4
DA:8,4
DA:11,2
DA:14,4
LF:10
LH:10
BRDA:1,0,0,0
BRDA:6,1,0,4
BRDA:6,1,1,36
BRF:3
BRH:2
end_of_record
TN:
SF:src/context/cityContext.js
FN:21,(anonymous_0)
FN:60,(anonymous_1)
FN:64,(anonymous_2)
FN:68,(anonymous_3)
FN:72,(anonymous_4)
FN:76,(anonymous_5)
FN:81,CityContextProvider
FN:92,useCityState
FN:96,useCityDispatch
FNF:9
FNH:7
FNDA:5,(anonymous_0)
FNDA:1,(anonymous_1)
FNDA:1,(anonymous_2)
FNDA:1,(anonymous_3)
FNDA:1,(anonymous_4)
FNDA:1,(anonymous_5)
FNDA:0,CityContextProvider
FNDA:0,useCityState
FNDA:1,useCityDispatch
DA:2,3
DA:4,3
DA:5,3
DA:7,3
DA:15,3
DA:16,3
DA:17,3
DA:18,3
DA:19,3
DA:21,3
DA:22,5
DA:24,1
DA:30,1
DA:36,1
DA:42,1
DA:48,1
DA:54,0
DA:59,3
DA:60,1
DA:64,1
DA:68,1
DA:72,1
DA:76,1
DA:82,0
DA:83,0
DA:93,0
DA:97,1
LF:27
LH:23
BRDA:21,0,0,0
BRDA:22,1,0,1
BRDA:22,1,1,1
BRDA:22,1,2,1
BRDA:22,1,3,1
BRDA:22,1,4,1
BRDA:22,1,5,0
BRF:7
BRH:5
end_of_record
